
Database             Time                 Version
-------------------- -------------------- ------------------------------
Start: ORCL          29-MAY-2023 07:11:29 Version 21.3.0.0.0

Brightkite table setup...
DROP TABLE arcs_brightkite
           *
ERROR at line 1:
ORA-00942: table or view does not exist



Table created.

DROP TABLE arcs_brightkite_ext
           *
ERROR at line 1:
ORA-00942: table or view does not exist



Table created.


428156 rows created.

DROP TABLE net_brightkite
           *
ERROR at line 1:
ORA-00942: table or view does not exist



Table created.

Count arcs_brightkite, the source table that has links in both directions

  COUNT(*)
----------
    428156

Insert into net_brightkite using rownum as link id, and only inserting the links in 1 direction

214078 rows created.

PK on link_id

Table altered.

Unique index on node_id_fr, node_id_to

Index created.

Non-unique index on node_id_to

Index created.

Gather stats on net_brightkite

PL/SQL procedure successfully completed.


'END:'||TO_CHAR(SYSDATE,'DD-MON-YY
----------------------------------
End: 29-MAY-2023 07:12:01

