
Database             Time                 Version
-------------------- -------------------- ------------------------------
Start: ORCL          09-MAY-2021 18:08:56 Version 19.3.0.0.0

Create empty links table in lib schema
DROP TABLE network_links
           *
ERROR at line 1:
ORA-00942: table or view does not exist



Table created.

Create package tt_net_pipe

Package created.


Package body created.

No errors.
Add the tt_units record, reading in JSON file from INPUT_DIR
old   6:             p_group_nm                     => '&LIB',
new   6:             p_group_nm                     => 'lib',

PL/SQL procedure successfully completed.


'END:'||TO_CHAR(SYSDATE,'DD-MON-YY
----------------------------------
End: 09-MAY-2021 18:08:56

